[CLIENT] Starting the client...
[CLIENT] Connecting to server 127.0.0.1 on port 1997
[SERVER] Welcome to the server. This program was build by Isaac Gentz in Nov, 2018 for CS457! You've been added to the #general channel.
PING
[SERVER] PONG

Howdy stranger, what's your name?
tom on #general: Hi, I'm Tom!

Nice to meet you! My name's Bob!
tom on #general: Nice to meet you!

Are you taking CS457?
tom on #general: Yep! 

Cool, me too!
tom on #general: Cool

Do you like it?
tom on #general: I do, it's a fun class.

Yeah, it's a great class! Professor Ortega's the man!
tom on #general: He sure is.

What's your favorite color?
tom on #general: Mine's blue!!

Cool, mine's red.
tom on #general: Cool!

What are your hobbies?
tom on #general: I love trucking, welding, and lifting!

Oh, I love trucks too! Let's make a new channel to discuss this!
tom on #general: OK!

JOIN truck_talk
[SERVER] You left #general and joined #truck_talk

What's your favorite truck?
tom on #truck_talk: I really like the Peterbilt 379. What a classic. Kenworth makes great trucks too!

Oh really??
tom on #truck_talk: Yeah!

I love the Kenworth W900!
tom on #truck_talk: Nice man!

Did you hear KW is making a new truck, the W990?
tom on #truck_talk: I did, it looks sweet!

Yeah, it looks cool but can't beat the classic look!
tom on #truck_talk: I agree!

Favorite truck engine?
tom on #truck_talk: Can't beat a Detroit!

Sweet! I love CAT engines!
tom on #truck_talk: 4 and a quarter CAT was a beast of an engine!

Want to grab a beer sometime?
tom on #truck_talk: Hell yeah!

Sweet, where should we go??
tom on #truck_talk: Let's go to the Cowboy in Laramie!

I love that place! :)
tom on #truck_talk: See ya later Bob!

Well man it's been nice talking to you! I have to run.
tom left #truck_talk

Talk to you later! Goodbye!
QUIT
You are being disconnected per your request

[CLIENT] Terminated session!
[CLIENT] Starting the client...
[CLIENT] Connecting to server 127.0.0.1 on port 1997
[SERVER] ERR<IN_USE> Sorry, you've been banned from the server!
[CLIENT] Starting the client...
[CLIENT] Connecting to server 127.0.0.1 on port 1997
[SERVER] Welcome to the server. This program was build by Isaac Gentz in Nov, 2018 for CS457! You've been added to the #general channel.
PING
[SERVER] PONG

Howdy stranger, what's your name?
tom on #general: Hi, I'm Tom!

Nice to meet you! My name's Bob!
tom on #general: Nice to meet you!

Are you taking CS457?
tom on #general: Yep! 

Cool, me too!
tom on #general: Cool

Do you like it?
tom on #general: I do, it's a fun class.

Yeah, it's a great class! Professor Ortega's the man!
tom on #general: He sure is.

What's your favorite color?
tom on #general: Mine's blue!!

Cool, mine's red.
tom on #general: Cool!

What are your hobbies?
tom on #general: I love trucking, welding, and lifting!

Oh, I love trucks too! Let's make a new channel to discuss this!
tom on #general: OK!

JOIN truck_talk
[SERVER] You left #general and joined #truck_talk

What's your favorite truck?
tom on #truck_talk: I really like the Peterbilt 379. What a classic. Kenworth makes great trucks too!

Oh really??
tom on #truck_talk: Yeah!

I love the Kenworth W900!
tom on #truck_talk: Nice man!

Did you hear KW is making a new truck, the W990?
tom on #truck_talk: I did, it looks sweet!

Yeah, it looks cool but can't beat the classic look!
tom on #truck_talk: I agree!

Favorite truck engine?
tom on #truck_talk: Can't beat a Detroit!

Sweet! I love CAT engines!
tom on #truck_talk: 4 and a quarter CAT was a beast of an engine!

Want to grab a beer sometime?
ike left #truck_talk

tom on #truck_talk: Hell yeah!

Sweet, where should we go??
tom on #truck_talk: Let's go to the Cowboy in Laramie!

I love that place! :)
tom on #truck_talk: See ya later Bob!

Well man it's been nice talking to you! I have to run.
tom left #truck_talk

Talk to you later! Goodbye!
QUIT
You are being disconnected per your request

[CLIENT] Terminated session!
[CLIENT] Starting the client...
[CLIENT] Connecting to server 127.0.0.1 on port 1997
[SERVER] Welcome to the server. This program was build by Isaac Gentz in Nov, 2018 for CS457! You've been added to the #general channel.
PING
[SERVER] PONG

Howdy stranger, what's your name?
tom on #general: Hi, I'm Tom!

Nice to meet you! My name's Bob!
tom on #general: Nice to meet you!

Are you taking CS457?
tom on #general: Yep! 

Cool, me too!
tom on #general: Cool

Do you like it?
tom on #general: I do, it's a fun class.

Yeah, it's a great class! Professor Ortega's the man!
tom on #general: He sure is.

What's your favorite color?
tom on #general: Mine's blue!!

Cool, mine's red.
tom on #general: Cool!

What are your hobbies?
tom on #general: I love trucking, welding, and lifting!

Oh, I love trucks too! Let's make a new channel to discuss this!
tom on #general: OK!

JOIN truck_talk
[SERVER] You left #general and joined #truck_talk

What's your favorite truck?
tom on #truck_talk: I really like the Peterbilt 379. What a classic. Kenworth makes great trucks too!

Oh really??
tom on #truck_talk: Yeah!

I love the Kenworth W900!
tom on #truck_talk: Nice man!

Did you hear KW is making a new truck, the W990?
tom on #truck_talk: I did, it looks sweet!

Yeah, it looks cool but can't beat the classic look!
tom on #truck_talk: I agree!

Favorite truck engine?
tom on #truck_talk: Can't beat a Detroit!

Sweet! I love CAT engines!
tom on #truck_talk: 4 and a quarter CAT was a beast of an engine!

Want to grab a beer sometime?
tom on #truck_talk: Hell yeah!

Sweet, where should we go??
tom on #truck_talk: Let's go to the Cowboy in Laramie!

I love that place! :)
tom on #truck_talk: See ya later Bob!

Well man it's been nice talking to you! I have to run.
tom left #truck_talk

Talk to you later! Goodbye!
QUIT
You are being disconnected per your request

[CLIENT] Terminated session!
[CLIENT] Starting the client...
[CLIENT] Connecting to server 127.0.0.1 on port 1997
[SERVER] Welcome to the server. This program was build by Isaac Gentz in Nov, 2018 for CS457! You've been added to the #general channel.
PING
[SERVER] PONG

Howdy stranger, what's your name?
tom on #general: Hi, I'm Tom!

Nice to meet you! My name's Bob!
tom on #general: Nice to meet you!

Are you taking CS457?
tom on #general: Yep! 

Cool, me too!
tom on #general: Cool

Do you like it?
tom on #general: I do, it's a fun class.

Yeah, it's a great class! Professor Ortega's the man!
tom on #general: He sure is.

What's your favorite color?
tom on #general: Mine's blue!!

Cool, mine's red.
tom on #general: Cool!

What are your hobbies?
tom on #general: I love trucking, welding, and lifting!

Oh, I love trucks too! Let's make a new channel to discuss this!
tom on #general: OK!

JOIN truck_talk
[SERVER] You left #general and joined #truck_talk

What's your favorite truck?
tom on #truck_talk: I really like the Peterbilt 379. What a classic. Kenworth makes great trucks too!

Oh really??
tom on #truck_talk: Yeah!

I love the Kenworth W900!
tom on #truck_talk: Nice man!

Did you hear KW is making a new truck, the W990?
tom on #truck_talk: I did, it looks sweet!

Yeah, it looks cool but can't beat the classic look!
tom on #truck_talk: I agree!

Favorite truck engine?
tom on #truck_talk: Can't beat a Detroit!

Sweet! I love CAT engines!
tom on #truck_talk: 4 and a quarter CAT was a beast of an engine!

Want to grab a beer sometime?
tom on #truck_talk: Hell yeah!

Sweet, where should we go??
tom on #truck_talk: Let's go to the Cowboy in Laramie!

ike on #truck_talk: i wanna grab a beer

I love that place! :)
tom on #truck_talk: See ya later Bob!

Well man it's been nice talking to you! I have to run.
tom left #truck_talk

Talk to you later! Goodbye!
QUIT
You are being disconnected per your request

[CLIENT] Terminated session!
